<?xml version="1.0" encoding="UTF-8"?>
<!-- Generated by org.testng.reporters.JUnitXMLReporter -->
<testsuite ignored="3" hostname="Alexandra" failures="0" tests="7" name="TestCases" time="34.492" errors="0" timestamp="2025-03-08T13:41:50 EET">
  <testcase classname="testeautomate.TestLogin" name="testClickContButton" time="1.182"/>
  <testcase classname="testeautomate.TestLogin" name="testEnterCredentials" time="9.263"/>
  <testcase classname="testeautomate.TestLogin" name="testClickLoginButton" time="11.647"/>
  <testcase classname="testeautomate.TestLogin" name="testNavigateAfterLogin" time="0.537"/>
  <testcase classname="testeautomate.TestNavigateToCategory" name="testNavigateToCategory" time="1.261"/>
  <testcase classname="testeautomate.FirstProductAddToCart" name="testAddFirstProductToCart" time="5.279"/>
  <testcase classname="testeautomate.FinishOrder" name="testProceedToNextStep" time="5.306"/>
  <testcase classname="reutilizabile.BasicWebDriver" name="@BeforeSuite setup" time="0.0">
    <ignored/>
  </testcase> <!-- @BeforeSuite setup -->
  <testcase classname="reutilizabile.BasicWebDriver" name="@BeforeSuite setup" time="0.0">
    <ignored/>
  </testcase> <!-- @BeforeSuite setup -->
  <testcase classname="reutilizabile.BasicWebDriver" name="@BeforeSuite setup" time="0.0">
    <ignored/>
  </testcase> <!-- @BeforeSuite setup -->
</testsuite> <!-- TestCases -->
